0 info it worked if it ends with ok
1 verbose cli [ '/Users/microsoftsucks/.nvm/versions/node/v6.2.2/bin/node',
1 verbose cli   '/Users/microsoftsucks/.nvm/versions/node/v6.2.2/bin/npm',
1 verbose cli   'start' ]
2 info using npm@3.9.5
3 info using node@v6.2.2
4 verbose run-script [ 'prestart', 'start', 'poststart' ]
5 info lifecycle monsters-and-men@1.0.0~prestart: monsters-and-men@1.0.0
6 silly lifecycle monsters-and-men@1.0.0~prestart: no script for prestart, continuing
7 info lifecycle monsters-and-men@1.0.0~start: monsters-and-men@1.0.0
8 verbose lifecycle monsters-and-men@1.0.0~start: unsafe-perm in lifecycle true
9 verbose lifecycle monsters-and-men@1.0.0~start: PATH: /Users/microsoftsucks/.nvm/versions/node/v6.2.2/lib/node_modules/npm/bin/node-gyp-bin:/Users/microsoftsucks/Documents/Projects/private/monsters-and-men/node_modules/.bin:/Users/microsoftsucks/.nvm/versions/node/v6.2.2/bin:/Users/microsoftsucks/.nvm/versions/node/v6.2.2/bin:/Library/Frameworks/Python.framework/Versions/2.7/bin:/Users/microsoftsucks/local/node/bin:/usr/local/bin:/Users/microsoftsucks/.rvm/gems/ruby-2.3.0/bin:/Users/microsoftsucks/.rvm/gems/ruby-2.3.0@global/bin:/Users/microsoftsucks/.rvm/rubies/ruby-2.3.0/bin:/usr/bin:/bin:/usr/sbin:/sbin:/usr/local/bin:/usr/local/git/bin:/Users/microsoftsucks/.rvm/bin:/Users/microsoftsucks/android-sdk/tools:/usr/local/bin
10 verbose lifecycle monsters-and-men@1.0.0~start: CWD: /Users/microsoftsucks/Documents/Projects/private/monsters-and-men
11 silly lifecycle monsters-and-men@1.0.0~start: Args: [ '-c', 'tsc && concurrently "tsc -w" "lite-server" ' ]
12 silly lifecycle monsters-and-men@1.0.0~start: Returned: code: 2  signal: null
13 info lifecycle monsters-and-men@1.0.0~start: Failed to exec start script
14 verbose stack Error: monsters-and-men@1.0.0 start: `tsc && concurrently "tsc -w" "lite-server" `
14 verbose stack Exit status 2
14 verbose stack     at EventEmitter.<anonymous> (/Users/microsoftsucks/.nvm/versions/node/v6.2.2/lib/node_modules/npm/lib/utils/lifecycle.js:245:16)
14 verbose stack     at emitTwo (events.js:106:13)
14 verbose stack     at EventEmitter.emit (events.js:191:7)
14 verbose stack     at ChildProcess.<anonymous> (/Users/microsoftsucks/.nvm/versions/node/v6.2.2/lib/node_modules/npm/lib/utils/spawn.js:24:14)
14 verbose stack     at emitTwo (events.js:106:13)
14 verbose stack     at ChildProcess.emit (events.js:191:7)
14 verbose stack     at maybeClose (internal/child_process.js:852:16)
14 verbose stack     at Process.ChildProcess._handle.onexit (internal/child_process.js:215:5)
15 verbose pkgid monsters-and-men@1.0.0
16 verbose cwd /Users/microsoftsucks/Documents/Projects/private/monsters-and-men
17 error Darwin 15.2.0
18 error argv "/Users/microsoftsucks/.nvm/versions/node/v6.2.2/bin/node" "/Users/microsoftsucks/.nvm/versions/node/v6.2.2/bin/npm" "start"
19 error node v6.2.2
20 error npm  v3.9.5
21 error code ELIFECYCLE
22 error monsters-and-men@1.0.0 start: `tsc && concurrently "tsc -w" "lite-server" `
22 error Exit status 2
23 error Failed at the monsters-and-men@1.0.0 start script 'tsc && concurrently "tsc -w" "lite-server" '.
23 error Make sure you have the latest version of node.js and npm installed.
23 error If you do, this is most likely a problem with the monsters-and-men package,
23 error not with npm itself.
23 error Tell the author that this fails on your system:
23 error     tsc && concurrently "tsc -w" "lite-server"
23 error You can get information on how to open an issue for this project with:
23 error     npm bugs monsters-and-men
23 error Or if that isn't available, you can get their info via:
23 error     npm owner ls monsters-and-men
23 error There is likely additional logging output above.
24 verbose exit [ 1, true ]
